Content-Type: text/plain; charset="utf-8"
MIME-Version: 1.0
Content-Transfer-Encoding: 8bit
Subject: Asta Conclusa - Prodotto Venduto
From: no-reply@asta.com
To: a@b.com
Date: Wed, 03 Jul 2024 14:37:35 -0000
Message-ID: <172001745565.255994.8378469725274272772@alex-HPLaptop>

<!DOCTYPE html>
<html lang="en">
<head>
    <meta charset="UTF-8">
    <meta name="viewport" content="width=device-width, initial-scale=1.0">
    <title>Asta Conclusa per il Venditore</title>
</head>
<body>
    <h2>Caro mariorossi,</h2>
    <p>L'asta per maglietta è conclusa con un'offerta di €7.00.</p>
    <p>L'offerente vincente è alexbilla.</p>
    <p>Puoi visualizzare i dettagli dell'asta <a href="http://localhost:8000/asta/asta_conclusa/54/">qui</a>.</p>
    <p>Grazie,<br>Il Team di Asta</p>
</body>
</html>
-------------------------------------------------------------------------------
