Content-Type: text/plain; charset="utf-8"
MIME-Version: 1.0
Content-Transfer-Encoding: 8bit
Subject: Asta Conclusa - Nessuna Offerta
From: no-reply@asta.com
To: aa@a.com
Date: Thu, 04 Jul 2024 14:53:00 -0000
Message-ID: <172010478054.255994.5872424028705223922@alex-HPLaptop>

<!DOCTYPE html>
<html lang="en">
<head>
    <meta charset="UTF-8">
    <meta name="viewport" content="width=device-width, initial-scale=1.0">
    <title>Asta Senza Offerte</title>
</head>
<body>
    <h2>Caro alexbilla,</h2>
    <p>L'asta per monitor LG è conclusa, ma non ci sono state offerte.</p>
    <p>Puoi visualizzare i dettagli dell'asta <a href="http://localhost:8000/asta/asta_conclusa/49/">qui</a>.</p>
    <p>Grazie,<br>Il Team di Asta</p>
</body>
</html>
-------------------------------------------------------------------------------
