Content-Type: text/plain; charset="utf-8"
MIME-Version: 1.0
Content-Transfer-Encoding: 8bit
Subject: Asta Conclusa - Hai Vinto!
From: no-reply@asta.com
To: b@b.com
Date: Fri, 05 Jul 2024 08:11:37 -0000
Message-ID: <172016709772.269510.9322913369532848761@alex-HPLaptop>

<!DOCTYPE html>
<html lang="en">
<head>
    <meta charset="UTF-8">
    <meta name="viewport" content="width=device-width, initial-scale=1.0">
    <title>Asta Vinta</title>
</head>
<body>
    <h2>Congratulazioni luigibianchi,</h2>
    <p>Hai vinto l'asta per prova con un'offerta di €13.00.</p>
    <p>Puoi visualizzare i dettagli dell'asta <a href="http://localhost:8000/asta/asta_conclusa/56/">qui</a>.</p>
    <p>Grazie,<br>Il Team di DjangoBid</p>
</body>
</html>
-------------------------------------------------------------------------------
